<?xml version="1.0" encoding="UTF-8"?>
<!-- Generated by org.testng.reporters.JUnitReportReporter -->
<testsuite hostname="Vishal-ASUS" failures="0" tests="1" name="Vishal_Labs.StanaloneTest" time="10.010" errors="0" timestamp="2024-07-16T21:23:18 IST" skipped="0">
  <testcase classname="Vishal_Labs.StanaloneTest" name="stanAloneTest" time="10.010"/>
</testsuite> <!-- Vishal_Labs.StanaloneTest -->
