<?xml version="1.0" encoding="UTF-8"?>
<!-- Generated by org.testng.reporters.JUnitReportReporter -->
<testsuite hostname="Vishal-ASUS" failures="0" tests="1" name="qaClick.OrderPlacingTest" time="14.018" errors="0" timestamp="2024-07-17T08:36:14 IST" skipped="0">
  <testcase classname="qaClick.OrderPlacingTest" name="placeOrder" time="14.018"/>
</testsuite> <!-- qaClick.OrderPlacingTest -->
